<?xml version="1.0" encoding="UTF-8"?>
<testng-results ignored="0" total="2" passed="2" failed="0" skipped="0">
  <reporter-output>
  </reporter-output>
  <suite started-at="2020-12-26T00:27:37 PST" name="Default suite" finished-at="2020-12-26T00:28:06 PST" duration-ms="29209">
    <groups>
    </groups>
    <test started-at="2020-12-26T00:27:37 PST" name="Default test" finished-at="2020-12-26T00:28:06 PST" duration-ms="29209">
      <class name="selenium_practice.Frames">
        <test-method signature="FrameHandling()[pri:0, instance:selenium_practice.Frames@147ed70f]" started-at="2020-12-26T00:27:37 PST" name="FrameHandling" finished-at="2020-12-26T00:27:54 PST" duration-ms="17643" status="PASS">
          <reporter-output>
          </reporter-output>
        </test-method> <!-- FrameHandling -->
      </class> <!-- selenium_practice.Frames -->
      <class name="selenium_practice.DropDown">
        <test-method signature="DropdownSelect()[pri:0, instance:selenium_practice.DropDown@61dd025]" started-at="2020-12-26T00:27:54 PST" name="DropdownSelect" finished-at="2020-12-26T00:28:06 PST" duration-ms="11510" status="PASS">
          <reporter-output>
          </reporter-output>
        </test-method> <!-- DropdownSelect -->
      </class> <!-- selenium_practice.DropDown -->
    </test> <!-- Default test -->
  </suite> <!-- Default suite -->
</testng-results>
